<?xml version="1.0" encoding="UTF-8"?>
<coverage generated="1539823581421" clover="3.2.0">
  <project timestamp="1539823581421" name="All files">
    <metrics statements="18" coveredstatements="18" conditionals="20" coveredconditionals="19" methods="5" coveredmethods="5" elements="43" coveredelements="42" complexity="0" loc="18" ncloc="18" packages="1" files="2" classes="2">
      <file name="arithmetic.js" path="/Users/holliethomas/codefellows/401/lab-01/lib/arithmetic.js">
        <metrics statements="13" coveredstatements="13" conditionals="16" coveredconditionals="15" methods="4" coveredmethods="4"/>
        <line num="3" count="1" type="stmt"/>
        <line num="5" count="1" type="stmt"/>
        <line num="6" count="4" type="cond" truecount="4" falsecount="0"/>
        <line num="7" count="1" type="stmt"/>
        <line num="10" count="1" type="stmt"/>
        <line num="11" count="4" type="cond" truecount="4" falsecount="0"/>
        <line num="12" count="1" type="stmt"/>
        <line num="15" count="1" type="stmt"/>
        <line num="16" count="6" type="cond" truecount="4" falsecount="0"/>
        <line num="17" count="2" type="stmt"/>
        <line num="20" count="1" type="stmt"/>
        <line num="21" count="1" type="cond" truecount="3" falsecount="1"/>
        <line num="22" count="1" type="stmt"/>
      </file>
      <file name="greet.js" path="/Users/holliethomas/codefellows/401/lab-01/lib/greet.js">
        <metrics statements="5" coveredstatements="5" conditionals="4" coveredconditionals="4" methods="1" coveredmethods="1"/>
        <line num="3" count="1" type="stmt"/>
        <line num="5" count="1" type="stmt"/>
        <line num="6" count="7" type="cond" truecount="2" falsecount="0"/>
        <line num="7" count="5" type="cond" truecount="2" falsecount="0"/>
        <line num="8" count="2" type="stmt"/>
      </file>
    </metrics>
  </project>
</coverage>
