TN:
SF:/Users/holliethomas/codefellows/401/lab-01/lib/arithmetic.js
FN:5,(anonymous_0)
FN:10,(anonymous_1)
FN:15,(anonymous_2)
FN:20,(anonymous_3)
FNF:4
FNH:4
FNDA:4,(anonymous_0)
FNDA:4,(anonymous_1)
FNDA:6,(anonymous_2)
FNDA:1,(anonymous_3)
DA:3,1
DA:5,1
DA:6,4
DA:7,1
DA:10,1
DA:11,4
DA:12,1
DA:15,1
DA:16,6
DA:17,2
DA:20,1
DA:21,1
DA:22,1
LF:13
LH:13
BRDA:6,0,0,3
BRDA:6,0,1,1
BRDA:6,1,0,4
BRDA:6,1,1,1
BRDA:11,2,0,3
BRDA:11,2,1,1
BRDA:11,3,0,4
BRDA:11,3,1,1
BRDA:16,4,0,4
BRDA:16,4,1,2
BRDA:16,5,0,6
BRDA:16,5,1,2
BRDA:21,6,0,0
BRDA:21,6,1,1
BRDA:21,7,0,1
BRDA:21,7,1,1
BRF:16
BRH:15
end_of_record
TN:
SF:/Users/holliethomas/codefellows/401/lab-01/lib/greet.js
FN:5,(anonymous_0)
FNF:1
FNH:1
FNDA:7,(anonymous_0)
DA:3,1
DA:5,1
DA:6,7
DA:7,5
DA:8,2
LF:5
LH:5
BRDA:6,0,0,2
BRDA:6,0,1,5
BRDA:7,1,0,3
BRDA:7,1,1,2
BRF:4
BRH:4
end_of_record
